# JRE version: Java(TM) SE Runtime Environment (21.0.3+7) (build 21.0.3+7-LTS-152)
# Java VM: Java HotSpot(TM) 64-Bit Server VM (21.0.3+7-LTS-152, mixed mode, sharing, tiered, compressed oops, compressed class ptrs, g1 gc, windows-amd64)
GC Precious Log:
 CardTable entry size: 512
 Card Set container configuration: InlinePtr #cards 4 size 8 Array Of Cards #cards 32 size 80 Howl #buckets 8 coarsen threshold 7372 Howl Bitmap #cards 1024 size 144 coarsen threshold 921 Card regions per heap region 1 cards per card region 8192
 CPUs: 16 total, 16 available
 Memory: 32469M
 Large Page Support: Disabled
 NUMA Support: Disabled
 Compressed Oops: Enabled (Zero based)
 Heap Region Size: 4M
 Heap Min Capacity: 8M
 Heap Initial Capacity: 508M
 Heap Max Capacity: 8120M
 Pre-touch: Disabled
 Parallel Workers: 13
 Concurrent Workers: 3
 Concurrent Refinement Workers: 13
 Periodic GC: Disabled
Heap:
 garbage-first heap   total 548864K, used 299703K [0x0000000604800000, 0x0000000800000000)
  region size 4096K, 11 young (45056K), 3 survivors (12288K)
 Metaspace       used 156119K, committed 158144K, reserved 1245184K
  class space    used 18149K, committed 19200K, reserved 1048576K
GC Heap History (20 events):
Event: 987.262 GC heap before
{Heap before GC invocations=124 (full 19):
 garbage-first heap   total 491520K, used 403631K [0x0000000604800000, 0x0000000800000000)
  region size 4096K, 45 young (184320K), 4 survivors (16384K)
 Metaspace       used 149230K, committed 151232K, reserved 1245184K
  class space    used 17459K, committed 18432K, reserved 1048576K
}
Event: 987.269 GC heap after
{Heap after GC invocations=125 (full 19):
 garbage-first heap   total 491520K, used 245588K [0x0000000604800000, 0x0000000800000000)
  region size 4096K, 5 young (20480K), 5 survivors (20480K)
 Metaspace       used 149230K, committed 151232K, reserved 1245184K
  class space    used 17459K, committed 18432K, reserved 1048576K
}
Event: 1020.644 GC heap before
{Heap before GC invocations=125 (full 19):
 garbage-first heap   total 491520K, used 425812K [0x0000000604800000, 0x0000000800000000)
  region size 4096K, 49 young (200704K), 5 survivors (20480K)
 Metaspace       used 150156K, committed 152192K, reserved 1245184K
  class space    used 17536K, committed 18560K, reserved 1048576K
}
Event: 1020.650 GC heap after
{Heap after GC invocations=126 (full 19):
 garbage-first heap   total 491520K, used 247363K [0x0000000604800000, 0x0000000800000000)
  region size 4096K, 3 young (12288K), 3 survivors (12288K)
 Metaspace       used 150156K, committed 152192K, reserved 1245184K
  class space    used 17536K, committed 18560K, reserved 1048576K
}
Event: 1214.967 GC heap before
{Heap before GC invocations=126 (full 19):
 garbage-first heap   total 491520K, used 435779K [0x0000000604800000, 0x0000000800000000)
  region size 4096K, 49 young (200704K), 3 survivors (12288K)
 Metaspace       used 150425K, committed 152448K, reserved 1245184K
  class space    used 17565K, committed 18560K, reserved 1048576K
}
Event: 1214.973 GC heap after
{Heap after GC invocations=127 (full 19):
 garbage-first heap   total 491520K, used 251211K [0x0000000604800000, 0x0000000800000000)
  region size 4096K, 4 young (16384K), 4 survivors (16384K)
 Metaspace       used 150425K, committed 152448K, reserved 1245184K
  class space    used 17565K, committed 18560K, reserved 1048576K
}
Event: 1215.625 GC heap before
{Heap before GC invocations=128 (full 19):
 garbage-first heap   total 499712K, used 427339K [0x0000000604800000, 0x0000000800000000)
  region size 4096K, 47 young (192512K), 4 survivors (16384K)
 Metaspace       used 151275K, committed 153344K, reserved 1245184K
  class space    used 17641K, committed 18688K, reserved 1048576K
}
Event: 1215.633 GC heap after
{Heap after GC invocations=129 (full 19):
 garbage-first heap   total 499712K, used 259442K [0x0000000604800000, 0x0000000800000000)
  region size 4096K, 5 young (20480K), 5 survivors (20480K)
 Metaspace       used 151275K, committed 153344K, reserved 1245184K
  class space    used 17641K, committed 18688K, reserved 1048576K
}
Event: 1237.071 GC heap before
{Heap before GC invocations=129 (full 19):
 garbage-first heap   total 499712K, used 431474K [0x0000000604800000, 0x0000000800000000)
  region size 4096K, 47 young (192512K), 5 survivors (20480K)
 Metaspace       used 152398K, committed 154432K, reserved 1245184K
  class space    used 17734K, committed 18752K, reserved 1048576K
}
Event: 1237.078 GC heap after
{Heap after GC invocations=130 (full 19):
 garbage-first heap   total 499712K, used 264393K [0x0000000604800000, 0x0000000800000000)
  region size 4096K, 5 young (20480K), 5 survivors (20480K)
 Metaspace       used 152398K, committed 154432K, reserved 1245184K
  class space    used 17734K, committed 18752K, reserved 1048576K
}
Event: 1237.562 GC heap before
{Heap before GC invocations=130 (full 19):
 garbage-first heap   total 499712K, used 432329K [0x0000000604800000, 0x0000000800000000)
  region size 4096K, 47 young (192512K), 5 survivors (20480K)
 Metaspace       used 153916K, committed 155968K, reserved 1245184K
  class space    used 17846K, committed 18880K, reserved 1048576K
}
Event: 1237.570 GC heap after
{Heap after GC invocations=131 (full 19):
 garbage-first heap   total 499712K, used 271937K [0x0000000604800000, 0x0000000800000000)
  region size 4096K, 5 young (20480K), 5 survivors (20480K)
 Metaspace       used 153916K, committed 155968K, reserved 1245184K
  class space    used 17846K, committed 18880K, reserved 1048576K
}
Event: 1244.596 GC heap before
{Heap before GC invocations=132 (full 19):
 garbage-first heap   total 548864K, used 431681K [0x0000000604800000, 0x0000000800000000)
  region size 4096K, 44 young (180224K), 5 survivors (20480K)
 Metaspace       used 153962K, committed 155968K, reserved 1245184K
  class space    used 17848K, committed 18880K, reserved 1048576K
}
Event: 1244.604 GC heap after
{Heap after GC invocations=133 (full 19):
 garbage-first heap   total 548864K, used 271138K [0x0000000604800000, 0x0000000800000000)
  region size 4096K, 3 young (12288K), 3 survivors (12288K)
 Metaspace       used 153962K, committed 155968K, reserved 1245184K
  class space    used 17848K, committed 18880K, reserved 1048576K
}
Event: 1441.401 GC heap before
{Heap before GC invocations=133 (full 19):
 garbage-first heap   total 548864K, used 488226K [0x0000000604800000, 0x0000000800000000)
  region size 4096K, 56 young (229376K), 3 survivors (12288K)
 Metaspace       used 153964K, committed 155968K, reserved 1245184K
  class space    used 17848K, committed 18880K, reserved 1048576K
}
Event: 1441.406 GC heap after
{Heap after GC invocations=134 (full 19):
 garbage-first heap   total 548864K, used 271187K [0x0000000604800000, 0x0000000800000000)
  region size 4096K, 3 young (12288K), 3 survivors (12288K)
 Metaspace       used 153964K, committed 155968K, reserved 1245184K
  class space    used 17848K, committed 18880K, reserved 1048576K
}
Event: 1642.892 GC heap before
{Heap before GC invocations=134 (full 19):
 garbage-first heap   total 548864K, used 492371K [0x0000000604800000, 0x0000000800000000)
  region size 4096K, 57 young (233472K), 3 survivors (12288K)
 Metaspace       used 153968K, committed 155968K, reserved 1245184K
  class space    used 17848K, committed 18880K, reserved 1048576K
}
Event: 1642.896 GC heap after
{Heap after GC invocations=135 (full 19):
 garbage-first heap   total 548864K, used 271066K [0x0000000604800000, 0x0000000800000000)
  region size 4096K, 3 young (12288K), 3 survivors (12288K)
 Metaspace       used 153968K, committed 155968K, reserved 1245184K
  class space    used 17848K, committed 18880K, reserved 1048576K
}
Event: 1844.055 GC heap before
{Heap before GC invocations=136 (full 19):
 garbage-first heap   total 548864K, used 492250K [0x0000000604800000, 0x0000000800000000)
  region size 4096K, 57 young (233472K), 3 survivors (12288K)
 Metaspace       used 153976K, committed 156032K, reserved 1245184K
  class space    used 17847K, committed 18880K, reserved 1048576K
}
Event: 1844.060 GC heap after
{Heap after GC invocations=137 (full 19):
 garbage-first heap   total 548864K, used 271031K [0x0000000604800000, 0x0000000800000000)
  region size 4096K, 3 young (12288K), 3 survivors (12288K)
 Metaspace       used 153976K, committed 156032K, reserved 1245184K
  class space    used 17847K, committed 18880K, reserved 1048576K
}

